<?xml version="1.0" encoding="UTF-8"?>
<!-- Generated by org.testng.reporters.JUnitReportReporter -->
<testsuite skipped="0" hostname="PATIDAR" name="com.visionIT.internetBanking.testCases.Login_Tc_001" tests="1" failures="0" timestamp="28 Dec 2020 12:20:47 GMT" time="13.265" errors="0">
  <testcase name="loginTest" time="13.265" classname="com.visionIT.internetBanking.testCases.Login_Tc_001"/>
</testsuite> <!-- com.visionIT.internetBanking.testCases.Login_Tc_001 -->
