<?xml version="1.0" encoding="UTF-8"?>
<!-- Generated by org.testng.reporters.JUnitReportReporter -->
<testsuite skipped="0" hostname="PATIDAR" name="com.visionIT.internetBanking.pageObject.LoginPage" tests="1" failures="0" timestamp="24 Dec 2020 11:40:43 GMT" time="22.276" errors="0">
  <testcase name="login" time="22.276" classname="com.visionIT.internetBanking.pageObject.LoginPage"/>
</testsuite> <!-- com.visionIT.internetBanking.pageObject.LoginPage -->
